<?xml version="1.0" encoding="UTF-8"?>
<testsuite xmlns:xsi="http://www.w3.org/2001/XMLSchema-instance" xsi:noNamespaceSchemaLocation="https://maven.apache.org/surefire/maven-surefire-plugin/xsd/surefire-test-report-3.0.xsd" version="3.0" name="fr.cerenn.controller.PanneauControllerTest" time="0.212" tests="4" errors="0" skipped="0" failures="0">
  <properties>
[...]
</properties>
  <testcase name="testVerifierDimensionsPanneau_PanneauValide" classname="fr.cerenn.controller.PanneauControllerTest" time="0.164">
    <system-out><![CDATA[15:39:07.305 [main] INFO  f.c.controller.PanneauControllerTest - Initialisation des tests PanneauController
15:39:07.307 [main] INFO  f.c.controller.PanneauControllerTest - Test vérification dimensions panneau valide
15:39:07.308 [main] DEBUG f.c.controller.PanneauControllerTest - Résultat vérification : true
]]></system-out>
  </testcase>
  <testcase name="testCreerPanneau" classname="fr.cerenn.controller.PanneauControllerTest" time="0">
    <system-out><![CDATA[15:39:07.310 [main] INFO  f.c.controller.PanneauControllerTest - Initialisation des tests PanneauController
15:39:07.310 [main] INFO  f.c.controller.PanneauControllerTest - Test création panneau
15:39:07.311 [main] DEBUG f.c.controller.PanneauControllerTest - Panneau créé : hf=1000, lf=1000, hb=2000, lb=2000
]]></system-out>
  </testcase>
  <testcase name="testVerifierDimensionsPanneau_SansPanneau" classname="fr.cerenn.controller.PanneauControllerTest" time="0.001">
    <system-out><![CDATA[15:39:07.311 [main] INFO  f.c.controller.PanneauControllerTest - Initialisation des tests PanneauController
15:39:07.311 [main] INFO  f.c.controller.PanneauControllerTest - Test vérification dimensions sans panneau
]]></system-out>
  </testcase>
  <testcase name="testVerifierDimensionsPanneau_PanneauInvalide" classname="fr.cerenn.controller.PanneauControllerTest" time="0">
    <system-out><![CDATA[15:39:07.311 [main] INFO  f.c.controller.PanneauControllerTest - Initialisation des tests PanneauController
15:39:07.312 [main] INFO  f.c.controller.PanneauControllerTest - Test vérification dimensions panneau invalide
15:39:07.312 [main] DEBUG f.c.controller.PanneauControllerTest - Résultat vérification : false
]]></system-out>
  </testcase>
</testsuite>